{"level":"error","message":"Client not found: 1","timestamp":"2025-05-22T10:36:48.814Z"}
{"level":"error","message":"Client not found: 1","timestamp":"2025-05-23T05:38:50.981Z"}
{"level":"error","message":"Client not found: 1","timestamp":"2025-05-23T05:39:44.085Z"}
{"level":"error","message":"Required fields are missing","timestamp":"2025-05-23T05:40:17.698Z"}
{"level":"error","message":"Client not found: 1","timestamp":"2025-05-23T05:40:39.932Z"}
{"level":"error","message":"Client not found: 1","timestamp":"2025-05-23T05:41:01.545Z"}
{"level":"error","message":"Client not found: 1","timestamp":"2025-05-23T05:41:34.529Z"}
{"level":"error","message":"Login failed: mainDb.useDb is not a function","timestamp":"2025-05-23T05:42:24.214Z"}
{"level":"error","message":"Invalid admin credentials for client: 1","timestamp":"2025-05-23T05:42:51.508Z"}
{"level":"info","message":"Login successful for admin: zaid in client: 1","timestamp":"2025-05-23T05:43:58.959Z"}
{"level":"error","message":"Required fields are missing","timestamp":"2025-06-04T07:20:49.226Z"}
{"level":"error","message":"Required fields are missing","timestamp":"2025-06-04T07:20:53.913Z"}
{"level":"error","message":"Client not found: 100001","timestamp":"2025-06-04T07:22:21.556Z"}
{"level":"error","message":"Client not found: 100001","timestamp":"2025-06-04T07:22:57.251Z"}
{"level":"error","message":"Client not found: 100001","timestamp":"2025-06-04T07:23:04.359Z"}
{"level":"error","message":"Client not found: 100001","timestamp":"2025-06-04T07:24:16.546Z"}
{"level":"error","message":"Client not found: 100001","timestamp":"2025-06-04T07:25:25.439Z"}
{"level":"error","message":"Client not found: 100001","timestamp":"2025-06-04T07:26:09.740Z"}
{"level":"error","message":"Invalid admin credentials for client: 100001","timestamp":"2025-06-04T07:26:57.827Z"}
{"level":"error","message":"Login failed: Cannot access 'clientDb' before initialization","timestamp":"2025-06-04T07:28:01.392Z"}
{"level":"error","message":"Invalid admin credentials for client: 100001","timestamp":"2025-06-04T07:28:17.369Z"}
{"level":"error","message":"Invalid admin credentials for client: 100001","timestamp":"2025-06-04T07:31:09.600Z"}
{"level":"error","message":"Invalid admin credentials for client: 100001","timestamp":"2025-06-04T07:31:49.113Z"}
{"level":"error","message":"Invalid admin credentials for client: 100001","timestamp":"2025-06-04T07:32:41.198Z"}
{"level":"info","message":"Login successful for admin: zaidrahman342@gmail.com in client: 100001","timestamp":"2025-06-04T07:33:00.481Z"}
{"level":"error","message":"Login failed: encrpteddata is not a function","timestamp":"2025-06-04T07:33:00.485Z"}
{"level":"info","message":"Login successful for admin: zaidrahman342@gmail.com in client: 100001","timestamp":"2025-06-04T07:33:25.901Z"}
{"level":"error","message":"Login failed: encrpteddata is not a function","timestamp":"2025-06-04T07:33:25.905Z"}
{"level":"info","message":"Login successful for admin: zaidrahman342@gmail.com in client: 100001","timestamp":"2025-06-04T07:37:40.057Z"}
{"level":"error","message":"Login failed: encrpteddata is not a function","timestamp":"2025-06-04T07:37:40.060Z"}
{"level":"info","message":"Login successful for admin: zaidrahman342@gmail.com in client: 100001","timestamp":"2025-06-04T07:38:01.884Z"}
{"level":"error","message":"Login failed: encrpteddata is not a function","timestamp":"2025-06-04T07:38:01.887Z"}
{"level":"info","message":"Login successful for admin: zaidrahman342@gmail.com in client: 100001","timestamp":"2025-06-04T07:38:52.144Z"}
{"level":"error","message":"Login failed: encrpteddata is not a function","timestamp":"2025-06-04T07:38:52.146Z"}
{"level":"info","message":"Login successful for admin: zaidrahman342@gmail.com in client: 100001","timestamp":"2025-06-04T07:39:29.914Z"}
{"level":"error","message":"Login failed: encrpteddata is not a function","timestamp":"2025-06-04T07:39:29.917Z"}
{"level":"error","message":"Invalid admin credentials for client: 100001","timestamp":"2025-06-04T07:39:37.956Z"}
{"level":"error","message":"Invalid admin credentials for client: 100001","timestamp":"2025-06-04T07:39:54.455Z"}
{"level":"info","message":"Login successful for admin: zaidrahman342@gmail.com in client: 100001","timestamp":"2025-06-04T07:39:58.967Z"}
{"level":"error","message":"Login failed: encrpteddata is not a function","timestamp":"2025-06-04T07:39:58.968Z"}
{"level":"info","message":"Login successful for admin: zaidrahman342@gmail.com in client: 100001","timestamp":"2025-06-04T07:40:33.070Z"}
{"level":"error","message":"Login failed: encrpteddata is not a function","timestamp":"2025-06-04T07:40:33.071Z"}
{"level":"info","message":"Login successful for admin: zaidrahman342@gmail.com in client: 100001","timestamp":"2025-06-04T08:06:04.634Z"}
{"level":"error","message":"Login failed: encrpteddata is not a function","timestamp":"2025-06-04T08:06:04.637Z"}
{"level":"info","message":"Login successful for admin: zaidrahman342@gmail.com in client: 100001","timestamp":"2025-06-04T08:06:25.767Z"}
{"level":"error","message":"Login failed: encrpteddata is not a function","timestamp":"2025-06-04T08:06:25.770Z"}
{"level":"info","message":"Login successful for admin: zaidrahman342@gmail.com in client: 100001","timestamp":"2025-06-04T08:09:33.226Z"}
{"level":"error","message":"Login failed: encrpteddata is not defined","timestamp":"2025-06-04T08:09:33.228Z"}
{"level":"info","message":"Login successful for admin: zaidrahman342@gmail.com in client: 100001","timestamp":"2025-06-04T08:09:56.164Z"}
{"level":"error","message":"Login failed: encrpteddata is not defined","timestamp":"2025-06-04T08:09:56.166Z"}
{"level":"info","message":"Login successful for admin: zaidrahman342@gmail.com in client: 100001","timestamp":"2025-06-04T08:10:05.718Z"}
{"level":"error","message":"Login failed: encrpteddata is not defined","timestamp":"2025-06-04T08:10:05.719Z"}
{"level":"error","message":"Client not found: tiwarimohan522@gmail.com","timestamp":"2025-06-05T10:21:40.934Z"}
{"level":"error","message":"Client not found: zaidrahman342@gmail.com","timestamp":"2025-06-05T10:22:03.119Z"}
{"level":"error","message":"Client not found: zaidrahman342@gmail.com","timestamp":"2025-06-05T10:22:50.493Z"}
{"level":"error","message":"Client not found: zaidrahman342@gmail.com","timestamp":"2025-06-05T10:23:32.312Z"}
{"level":"error","message":"Client not found: zaidrahman342@gmail.com","timestamp":"2025-06-05T10:24:14.496Z"}
{"level":"error","message":"Login failed: m is not defined","timestamp":"2025-06-05T10:26:25.917Z"}
{"level":"error","message":"Login failed: Unsupported data type","timestamp":"2025-06-05T10:31:58.491Z"}
{"level":"error","message":"Login failed: Unsupported data type","timestamp":"2025-06-05T10:32:12.087Z"}
{"level":"error","message":"Login failed: Unsupported data type","timestamp":"2025-06-05T10:32:21.637Z"}
{"level":"error","message":"Login failed: Unsupported data type","timestamp":"2025-06-05T10:33:33.567Z"}
{"level":"error","message":"Invalid admin credentials for client: 100001","timestamp":"2025-06-05T10:52:18.369Z"}
{"level":"error","message":"Client not found: zaidrahman342@gmail.com","timestamp":"2025-06-09T04:15:37.021Z"}
{"level":"error","message":"Client not found: 10001","timestamp":"2025-06-09T07:33:48.752Z"}
{"errorLabelSet":{},"level":"error","reason":{"commonWireVersion":0,"compatible":true,"heartbeatFrequencyMS":10000,"localThresholdMS":15,"logicalSessionTimeoutMinutes":null,"maxElectionId":null,"maxSetVersion":null,"servers":{"93.127.167.233:27017":{"$clusterTime":null,"address":"93.127.167.233:27017","arbiters":[],"electionId":null,"error":{"beforeHandshake":false,"errorLabelSet":{}},"hosts":[],"iscryptd":false,"lastUpdateTime":1728793925,"lastWriteDate":0,"logicalSessionTimeoutMinutes":null,"maxBsonObjectSize":null,"maxMessageSizeBytes":null,"maxWireVersion":0,"maxWriteBatchSize":null,"me":null,"minRoundTripTime":0,"minWireVersion":0,"passives":[],"primary":null,"roundTripTime":-1,"setName":null,"setVersion":null,"tags":{},"topologyVersion":null,"type":"Unknown"}},"setName":null,"stale":false,"type":"Single"},"timestamp":"2025-06-11T10:59:51.665Z"}
{"errorLabelSet":{},"level":"error","reason":{"commonWireVersion":0,"compatible":true,"heartbeatFrequencyMS":10000,"localThresholdMS":15,"logicalSessionTimeoutMinutes":null,"maxElectionId":null,"maxSetVersion":null,"servers":{"93.127.167.233:27017":{"$clusterTime":null,"address":"93.127.167.233:27017","arbiters":[],"electionId":null,"error":{"beforeHandshake":false,"errorLabelSet":{}},"hosts":[],"iscryptd":false,"lastUpdateTime":1728813863,"lastWriteDate":0,"logicalSessionTimeoutMinutes":null,"maxBsonObjectSize":null,"maxMessageSizeBytes":null,"maxWireVersion":0,"maxWriteBatchSize":null,"me":null,"minRoundTripTime":0,"minWireVersion":0,"passives":[],"primary":null,"roundTripTime":-1,"setName":null,"setVersion":null,"tags":{},"topologyVersion":null,"type":"Unknown"}},"setName":null,"stale":false,"type":"Single"},"timestamp":"2025-06-11T11:00:11.672Z"}
{"level":"error","message":"Error Adding/Updating Student: defaultData is not defined","stack":"ReferenceError: defaultData is not defined\n    at generateReceipt (file:///D:/Client%20Master/cms%20software/server/src/util/receiptgenerator.js:28:18)\n    at async AddUpdateStudent (file:///D:/Client%20Master/cms%20software/server/src/controllers/student.js:123:5)","timestamp":"2025-06-12T11:34:45.879Z"}
{"level":"error","message":"Error Adding/Updating Student: defaultData is not defined","stack":"ReferenceError: defaultData is not defined\n    at generateReceipt (file:///D:/Client%20Master/cms%20software/server/src/util/receiptgenerator.js:29:18)\n    at async AddUpdateStudent (file:///D:/Client%20Master/cms%20software/server/src/controllers/student.js:123:5)","timestamp":"2025-06-12T11:41:55.702Z"}
{"level":"error","message":"Error Adding/Updating Student: defaultData is not defined","stack":"ReferenceError: defaultData is not defined\n    at generateReceipt (file:///D:/Client%20Master/cms%20software/server/src/util/receiptgenerator.js:29:18)\n    at async AddUpdateStudent (file:///D:/Client%20Master/cms%20software/server/src/controllers/student.js:123:5)","timestamp":"2025-06-12T11:42:08.469Z"}
{"level":"error","message":"Error Adding/Updating Student: Cannot read properties of undefined (reading 'replace')","stack":"TypeError: Cannot read properties of undefined (reading 'replace')\n    at generateReceipt (file:///D:/Client%20Master/cms%20software/server/src/util/receiptgenerator.js:400:52)\n    at async AddUpdateStudent (file:///D:/Client%20Master/cms%20software/server/src/controllers/student.js:123:5)","timestamp":"2025-06-12T11:42:34.549Z"}
{"level":"error","message":"Error Adding/Updating Student: Cannot read properties of undefined (reading 'replace')","stack":"TypeError: Cannot read properties of undefined (reading 'replace')\n    at generateReceipt (file:///D:/Client%20Master/cms%20software/server/src/util/receiptgenerator.js:400:52)\n    at async AddUpdateStudent (file:///D:/Client%20Master/cms%20software/server/src/controllers/student.js:123:5)","timestamp":"2025-06-12T11:42:57.322Z"}
{"code":"ECONNRESET","errno":-4077,"level":"error","syscall":"read","timestamp":"2025-06-12T12:19:55.202Z"}
{"errorLabelSet":{},"level":"error","reason":{"commonWireVersion":0,"compatible":true,"heartbeatFrequencyMS":10000,"localThresholdMS":15,"logicalSessionTimeoutMinutes":null,"maxElectionId":null,"maxSetVersion":null,"servers":{"93.127.167.233:27017":{"$clusterTime":null,"address":"93.127.167.233:27017","arbiters":[],"electionId":null,"error":{"beforeHandshake":false,"errorLabelSet":{}},"hosts":[],"iscryptd":false,"lastUpdateTime":1820031563,"lastWriteDate":0,"logicalSessionTimeoutMinutes":null,"maxBsonObjectSize":null,"maxMessageSizeBytes":null,"maxWireVersion":0,"maxWriteBatchSize":null,"me":null,"minRoundTripTime":0,"minWireVersion":0,"passives":[],"primary":null,"roundTripTime":-1,"setName":null,"setVersion":null,"tags":{},"topologyVersion":null,"type":"Unknown"}},"setName":null,"stale":false,"type":"Single"},"timestamp":"2025-06-12T12:20:25.968Z"}
{"errorLabelSet":{},"level":"error","reason":{"commonWireVersion":0,"compatible":true,"heartbeatFrequencyMS":10000,"localThresholdMS":15,"logicalSessionTimeoutMinutes":null,"maxElectionId":null,"maxSetVersion":null,"servers":{"93.127.167.233:27017":{"$clusterTime":null,"address":"93.127.167.233:27017","arbiters":[],"electionId":null,"error":{"beforeHandshake":false,"errorLabelSet":{}},"hosts":[],"iscryptd":false,"lastUpdateTime":1820031563,"lastWriteDate":0,"logicalSessionTimeoutMinutes":null,"maxBsonObjectSize":null,"maxMessageSizeBytes":null,"maxWireVersion":0,"maxWriteBatchSize":null,"me":null,"minRoundTripTime":0,"minWireVersion":0,"passives":[],"primary":null,"roundTripTime":-1,"setName":null,"setVersion":null,"tags":{},"topologyVersion":null,"type":"Unknown"}},"setName":null,"stale":false,"type":"Single"},"timestamp":"2025-06-12T12:20:25.971Z"}
{"errorLabelSet":{},"level":"error","reason":{"commonWireVersion":0,"compatible":true,"heartbeatFrequencyMS":10000,"localThresholdMS":15,"logicalSessionTimeoutMinutes":null,"maxElectionId":null,"maxSetVersion":null,"servers":{"93.127.167.233:27017":{"$clusterTime":null,"address":"93.127.167.233:27017","arbiters":[],"electionId":null,"error":{"beforeHandshake":false,"errorLabelSet":{}},"hosts":[],"iscryptd":false,"lastUpdateTime":1820033099,"lastWriteDate":0,"logicalSessionTimeoutMinutes":null,"maxBsonObjectSize":null,"maxMessageSizeBytes":null,"maxWireVersion":0,"maxWriteBatchSize":null,"me":null,"minRoundTripTime":0,"minWireVersion":0,"passives":[],"primary":null,"roundTripTime":-1,"setName":null,"setVersion":null,"tags":{},"topologyVersion":null,"type":"Unknown"}},"setName":null,"stale":false,"type":"Single"},"timestamp":"2025-06-12T12:20:27.470Z"}
{"errorLabelSet":{},"level":"error","reason":{"commonWireVersion":0,"compatible":true,"heartbeatFrequencyMS":10000,"localThresholdMS":15,"logicalSessionTimeoutMinutes":null,"maxElectionId":null,"maxSetVersion":null,"servers":{"93.127.167.233:27017":{"$clusterTime":null,"address":"93.127.167.233:27017","arbiters":[],"electionId":null,"error":{"beforeHandshake":false,"errorLabelSet":{}},"hosts":[],"iscryptd":false,"lastUpdateTime":1820033099,"lastWriteDate":0,"logicalSessionTimeoutMinutes":null,"maxBsonObjectSize":null,"maxMessageSizeBytes":null,"maxWireVersion":0,"maxWriteBatchSize":null,"me":null,"minRoundTripTime":0,"minWireVersion":0,"passives":[],"primary":null,"roundTripTime":-1,"setName":null,"setVersion":null,"tags":{},"topologyVersion":null,"type":"Unknown"}},"setName":null,"stale":false,"type":"Single"},"timestamp":"2025-06-12T12:20:27.472Z"}
{"errorLabelSet":{},"level":"error","reason":{"commonWireVersion":0,"compatible":true,"heartbeatFrequencyMS":10000,"localThresholdMS":15,"logicalSessionTimeoutMinutes":null,"maxElectionId":null,"maxSetVersion":null,"servers":{"93.127.167.233:27017":{"$clusterTime":null,"address":"93.127.167.233:27017","arbiters":[],"electionId":null,"error":{"beforeHandshake":false,"errorLabelSet":{}},"hosts":[],"iscryptd":false,"lastUpdateTime":1820033614,"lastWriteDate":0,"logicalSessionTimeoutMinutes":null,"maxBsonObjectSize":null,"maxMessageSizeBytes":null,"maxWireVersion":0,"maxWriteBatchSize":null,"me":null,"minRoundTripTime":0,"minWireVersion":0,"passives":[],"primary":null,"roundTripTime":-1,"setName":null,"setVersion":null,"tags":{},"topologyVersion":null,"type":"Unknown"}},"setName":null,"stale":false,"type":"Single"},"timestamp":"2025-06-12T12:20:27.750Z"}
{"level":"error","message":"Error Adding/Updating Student: chequeNo is not defined","stack":"ReferenceError: chequeNo is not defined\n    at AddUpdateStudent (file:///D:/Client%20Master/cms%20software/server/src/controllers/student.js:109:5)\n    at process.processTicksAndRejections (node:internal/process/task_queues:95:5)","timestamp":"2025-06-12T16:14:22.636Z"}
{"level":"error","message":"Client not found: 100001","timestamp":"2025-06-16T06:30:15.606Z"}
{"level":"error","message":"Invalid admin credentials for client: 100001","timestamp":"2025-06-16T06:34:29.538Z"}
{"level":"error","message":"Login failed: Malformed UTF-8 data","timestamp":"2025-06-16T06:35:12.839Z"}
{"level":"error","message":"Login failed: c is not defined","timestamp":"2025-06-16T06:36:30.710Z"}
{"level":"error","message":"Login failed: decrpteddata is not a function","timestamp":"2025-06-16T06:37:04.530Z"}
{"level":"error","message":"Login failed: Malformed UTF-8 data","timestamp":"2025-06-16T06:37:14.177Z"}
{"level":"error","message":"Login failed: Malformed UTF-8 data","timestamp":"2025-06-16T06:38:18.240Z"}
{"level":"error","message":"Login failed: Malformed UTF-8 data","timestamp":"2025-06-16T06:46:46.518Z"}
{"level":"error","message":"Login failed: Malformed UTF-8 data","timestamp":"2025-06-16T06:47:22.243Z"}
{"level":"error","message":"Login failed: Malformed UTF-8 data","timestamp":"2025-06-16T06:47:48.165Z"}
{"level":"error","message":"Login failed: Malformed UTF-8 data","timestamp":"2025-06-16T06:51:42.638Z"}
{"level":"error","message":"Login failed: Malformed UTF-8 data","timestamp":"2025-06-16T06:52:30.399Z"}
{"level":"error","message":"Login failed: butes is not defined","timestamp":"2025-06-16T06:52:46.417Z"}
{"level":"error","message":"Login failed: Malformed UTF-8 data","timestamp":"2025-06-16T06:52:53.534Z"}
{"level":"error","message":"Login failed: Malformed UTF-8 data","timestamp":"2025-06-16T06:53:32.227Z"}
{"level":"error","message":"Login failed: Malformed UTF-8 data","timestamp":"2025-06-16T06:53:55.738Z"}
{"level":"error","message":"Login failed: Malformed UTF-8 data","timestamp":"2025-06-16T06:54:31.922Z"}
{"level":"error","message":"Login failed: Malformed UTF-8 data","timestamp":"2025-06-16T06:56:48.250Z"}
{"level":"error","message":"Login failed: Malformed UTF-8 data","timestamp":"2025-06-16T06:58:19.749Z"}
{"level":"error","message":"Login failed: Malformed UTF-8 data","timestamp":"2025-06-16T06:58:25.178Z"}
{"level":"error","message":"Login failed: Malformed UTF-8 data","timestamp":"2025-06-16T06:58:25.960Z"}
{"level":"error","message":"Login failed: Malformed UTF-8 data","timestamp":"2025-06-16T06:58:26.151Z"}
{"level":"error","message":"Login failed: Malformed UTF-8 data","timestamp":"2025-06-16T06:58:26.303Z"}
{"level":"error","message":"Login failed: Malformed UTF-8 data","timestamp":"2025-06-16T06:58:26.484Z"}
{"level":"error","message":"Login failed: Malformed UTF-8 data","timestamp":"2025-06-16T06:58:26.623Z"}
{"level":"error","message":"Login failed: Malformed UTF-8 data","timestamp":"2025-06-16T06:58:26.775Z"}
{"level":"error","message":"Login failed: Malformed UTF-8 data","timestamp":"2025-06-16T06:58:26.931Z"}
{"level":"error","message":"Login failed: Malformed UTF-8 data","timestamp":"2025-06-16T06:58:27.089Z"}
{"level":"error","message":"Login failed: Malformed UTF-8 data","timestamp":"2025-06-16T06:58:27.207Z"}
{"level":"error","message":"Login failed: Malformed UTF-8 data","timestamp":"2025-06-16T06:58:27.368Z"}
{"level":"error","message":"Login failed: Malformed UTF-8 data","timestamp":"2025-06-16T06:58:41.080Z"}
{"level":"error","message":"Login failed: Malformed UTF-8 data","timestamp":"2025-06-16T07:00:31.754Z"}
{"level":"error","timestamp":"2025-06-16T11:25:43.268Z"}
{"level":"error","timestamp":"2025-06-16T11:25:54.622Z"}
{"level":"error","timestamp":"2025-06-16T11:26:15.703Z"}
{"level":"error","timestamp":"2025-06-16T11:26:33.768Z"}
{"level":"error","timestamp":"2025-06-16T11:28:13.559Z"}
{"level":"error","timestamp":"2025-06-16T11:28:35.586Z"}
{"level":"error","timestamp":"2025-06-16T11:33:42.500Z"}
{"level":"error","message":"Error Adding/Updating Student: Cannot read properties of undefined (reading 'map')","stack":"TypeError: Cannot read properties of undefined (reading 'map')\n    at generateReceipt (file:///D:/Client%20Master/cms%20software/server/src/util/receiptgenerator.js:112:8)\n    at async AddUpdateStudent (file:///D:/Client%20Master/cms%20software/server/src/controllers/student.js:121:5)","timestamp":"2025-06-16T12:13:06.262Z"}
{"level":"error","timestamp":"2025-06-17T08:13:19.671Z"}
{"level":"error","timestamp":"2025-06-17T08:14:57.958Z"}
{"level":"error","timestamp":"2025-06-17T08:15:34.073Z"}
{"level":"error","timestamp":"2025-06-17T08:16:01.653Z"}
{"level":"error","timestamp":"2025-06-17T08:16:18.517Z"}
{"level":"error","timestamp":"2025-06-17T08:16:28.813Z"}
{"level":"error","timestamp":"2025-06-17T08:16:47.443Z"}
{"level":"error","timestamp":"2025-06-17T08:17:05.581Z"}
{"level":"error","timestamp":"2025-06-17T08:17:48.034Z"}
{"level":"error","timestamp":"2025-06-17T08:18:49.356Z"}
{"level":"error","message":"Database Connection Error","timestamp":"2025-06-18T06:13:14.619Z"}
{"level":"error","message":"Database Connection Error","timestamp":"2025-06-18T06:13:14.631Z"}
{"level":"error","message":"Database Connection Error","timestamp":"2025-06-18T06:13:16.415Z"}
{"level":"error","message":"Database Connection Error","timestamp":"2025-06-18T06:13:16.418Z"}
{"level":"error","message":"Error adding visitor: Cannot convert circular structure to BSON","stack":"BSONError: Cannot convert circular structure to BSON\n    at serializeObject (D:\\Client Master\\cms software\\server\\node_modules\\bson\\lib\\bson.cjs:3585:15)\n    at serializeInto (D:\\Client Master\\cms software\\server\\node_modules\\bson\\lib\\bson.cjs:3802:29)\n    at serializeObject (D:\\Client Master\\cms software\\server\\node_modules\\bson\\lib\\bson.cjs:3592:22)\n    at serializeInto (D:\\Client Master\\cms software\\server\\node_modules\\bson\\lib\\bson.cjs:4013:29)\n    at serializeObject (D:\\Client Master\\cms software\\server\\node_modules\\bson\\lib\\bson.cjs:3592:22)\n    at serializeInto (D:\\Client Master\\cms software\\server\\node_modules\\bson\\lib\\bson.cjs:4013:29)\n    at serializeObject (D:\\Client Master\\cms software\\server\\node_modules\\bson\\lib\\bson.cjs:3592:22)\n    at serializeInto (D:\\Client Master\\cms software\\server\\node_modules\\bson\\lib\\bson.cjs:4013:29)\n    at Object.serialize (D:\\Client Master\\cms software\\server\\node_modules\\bson\\lib\\bson.cjs:4501:32)\n    at OpMsgRequest.serializeBson (D:\\Client Master\\cms software\\server\\node_modules\\mongodb\\lib\\cmap\\commands.js:418:21)","timestamp":"2025-06-19T06:21:03.746Z"}
{"level":"error","message":"Error adding visitor: Cannot convert circular structure to BSON","stack":"BSONError: Cannot convert circular structure to BSON\n    at serializeObject (D:\\Client Master\\cms software\\server\\node_modules\\bson\\lib\\bson.cjs:3585:15)\n    at serializeInto (D:\\Client Master\\cms software\\server\\node_modules\\bson\\lib\\bson.cjs:3802:29)\n    at serializeObject (D:\\Client Master\\cms software\\server\\node_modules\\bson\\lib\\bson.cjs:3592:22)\n    at serializeInto (D:\\Client Master\\cms software\\server\\node_modules\\bson\\lib\\bson.cjs:4013:29)\n    at serializeObject (D:\\Client Master\\cms software\\server\\node_modules\\bson\\lib\\bson.cjs:3592:22)\n    at serializeInto (D:\\Client Master\\cms software\\server\\node_modules\\bson\\lib\\bson.cjs:4013:29)\n    at serializeObject (D:\\Client Master\\cms software\\server\\node_modules\\bson\\lib\\bson.cjs:3592:22)\n    at serializeInto (D:\\Client Master\\cms software\\server\\node_modules\\bson\\lib\\bson.cjs:4013:29)\n    at Object.serialize (D:\\Client Master\\cms software\\server\\node_modules\\bson\\lib\\bson.cjs:4501:32)\n    at OpMsgRequest.serializeBson (D:\\Client Master\\cms software\\server\\node_modules\\mongodb\\lib\\cmap\\commands.js:418:21)","timestamp":"2025-06-19T06:21:51.636Z"}
{"level":"error","message":"Error adding visitor: Cannot destructure property 'ip' of 'req.body' as it is undefined.","stack":"TypeError: Cannot destructure property 'ip' of 'req.body' as it is undefined.\n    at addVisitor (file:///D:/Client%20Master/cms%20software/server/src/controllers/visitor.js:9:13)\n    at Layer.handleRequest (D:\\Client Master\\cms software\\server\\node_modules\\router\\lib\\layer.js:152:17)\n    at next (D:\\Client Master\\cms software\\server\\node_modules\\router\\lib\\route.js:157:13)\n    at Route.dispatch (D:\\Client Master\\cms software\\server\\node_modules\\router\\lib\\route.js:117:3)\n    at handle (D:\\Client Master\\cms software\\server\\node_modules\\router\\index.js:435:11)\n    at Layer.handleRequest (D:\\Client Master\\cms software\\server\\node_modules\\router\\lib\\layer.js:152:17)\n    at D:\\Client Master\\cms software\\server\\node_modules\\router\\index.js:295:15\n    at processParams (D:\\Client Master\\cms software\\server\\node_modules\\router\\index.js:582:12)\n    at next (D:\\Client Master\\cms software\\server\\node_modules\\router\\index.js:291:5)\n    at Function.handle (D:\\Client Master\\cms software\\server\\node_modules\\router\\index.js:186:3)","timestamp":"2025-06-19T07:14:34.908Z"}
{"level":"error","message":"Error fetching visitor/enquiry data: Cannot read properties of undefined (reading 'folder')","stack":"TypeError: Cannot read properties of undefined (reading 'folder')\n    at getVisitorNumbers (file:///D:/Client%20Master/cms%20software/server/src/controllers/visitor.js:68:41)\n    at Layer.handleRequest (D:\\Client Master\\cms software\\server\\node_modules\\router\\lib\\layer.js:152:17)\n    at next (D:\\Client Master\\cms software\\server\\node_modules\\router\\lib\\route.js:157:13)\n    at Route.dispatch (D:\\Client Master\\cms software\\server\\node_modules\\router\\lib\\route.js:117:3)\n    at handle (D:\\Client Master\\cms software\\server\\node_modules\\router\\index.js:435:11)\n    at Layer.handleRequest (D:\\Client Master\\cms software\\server\\node_modules\\router\\lib\\layer.js:152:17)\n    at D:\\Client Master\\cms software\\server\\node_modules\\router\\index.js:295:15\n    at processParams (D:\\Client Master\\cms software\\server\\node_modules\\router\\index.js:582:12)\n    at next (D:\\Client Master\\cms software\\server\\node_modules\\router\\index.js:291:5)\n    at Function.handle (D:\\Client Master\\cms software\\server\\node_modules\\router\\index.js:186:3)","timestamp":"2025-06-20T18:36:48.265Z"}
{"level":"error","message":"Error fetching visitor/enquiry data: Cannot read properties of undefined (reading 'folder')","stack":"TypeError: Cannot read properties of undefined (reading 'folder')\n    at getVisitorNumbers (file:///D:/Client%20Master/cms%20software/server/src/controllers/visitor.js:68:41)\n    at Layer.handleRequest (D:\\Client Master\\cms software\\server\\node_modules\\router\\lib\\layer.js:152:17)\n    at next (D:\\Client Master\\cms software\\server\\node_modules\\router\\lib\\route.js:157:13)\n    at Route.dispatch (D:\\Client Master\\cms software\\server\\node_modules\\router\\lib\\route.js:117:3)\n    at handle (D:\\Client Master\\cms software\\server\\node_modules\\router\\index.js:435:11)\n    at Layer.handleRequest (D:\\Client Master\\cms software\\server\\node_modules\\router\\lib\\layer.js:152:17)\n    at D:\\Client Master\\cms software\\server\\node_modules\\router\\index.js:295:15\n    at processParams (D:\\Client Master\\cms software\\server\\node_modules\\router\\index.js:582:12)\n    at next (D:\\Client Master\\cms software\\server\\node_modules\\router\\index.js:291:5)\n    at Function.handle (D:\\Client Master\\cms software\\server\\node_modules\\router\\index.js:186:3)","timestamp":"2025-06-20T18:36:48.998Z"}
{"code":"ECONNRESET","errno":-4077,"level":"error","syscall":"read","timestamp":"2025-06-21T04:44:42.458Z"}
{"code":"ECONNRESET","errno":-4077,"level":"error","syscall":"read","timestamp":"2025-06-21T04:44:42.463Z"}
{"code":"ECONNRESET","errno":-4077,"level":"error","syscall":"read","timestamp":"2025-06-21T04:44:42.472Z"}
{"level":"error","timestamp":"2025-06-21T10:29:03.113Z"}
{"level":"error","timestamp":"2025-06-21T10:29:03.119Z"}
{"level":"error","timestamp":"2025-06-21T10:29:29.895Z"}
{"level":"error","timestamp":"2025-06-21T10:29:29.902Z"}
{"level":"error","timestamp":"2025-06-21T10:29:52.031Z"}
{"level":"error","timestamp":"2025-06-21T10:29:52.035Z"}
{"level":"error","timestamp":"2025-06-21T10:30:29.428Z"}
{"level":"error","timestamp":"2025-06-21T10:30:29.434Z"}
{"level":"error","timestamp":"2025-06-21T10:31:15.243Z"}
{"level":"error","timestamp":"2025-06-21T10:31:15.249Z"}
{"level":"error","timestamp":"2025-06-21T10:31:41.774Z"}
{"level":"error","timestamp":"2025-06-21T10:31:41.781Z"}
{"level":"error","timestamp":"2025-06-21T10:31:53.817Z"}
{"level":"error","timestamp":"2025-06-21T10:31:53.823Z"}
{"level":"error","timestamp":"2025-06-21T10:32:04.780Z"}
{"level":"error","timestamp":"2025-06-21T10:32:04.787Z"}
{"level":"error","timestamp":"2025-06-21T10:32:45.369Z"}
{"level":"error","timestamp":"2025-06-21T10:32:45.376Z"}
{"level":"error","timestamp":"2025-06-21T10:34:19.951Z"}
{"level":"error","timestamp":"2025-06-21T10:34:19.957Z"}
{"level":"error","timestamp":"2025-06-21T10:34:41.612Z"}
{"level":"error","timestamp":"2025-06-21T10:34:41.620Z"}
{"level":"error","timestamp":"2025-06-21T10:34:56.420Z"}
{"level":"error","timestamp":"2025-06-21T10:34:56.427Z"}
{"level":"error","timestamp":"2025-06-21T10:35:26.010Z"}
{"level":"error","timestamp":"2025-06-21T10:35:26.023Z"}
{"level":"error","timestamp":"2025-06-21T10:36:08.872Z"}
{"level":"error","timestamp":"2025-06-21T10:36:08.880Z"}
{"level":"error","timestamp":"2025-06-21T10:36:19.424Z"}
{"level":"error","timestamp":"2025-06-21T10:36:19.431Z"}
{"level":"error","timestamp":"2025-06-21T10:36:38.782Z"}
{"level":"error","timestamp":"2025-06-21T10:36:38.788Z"}
{"level":"error","timestamp":"2025-06-21T10:36:51.610Z"}
{"level":"error","timestamp":"2025-06-21T10:36:51.618Z"}
{"level":"error","message":"Internal Server Error","timestamp":"2025-06-21T12:18:05.556Z"}
{"level":"error","message":"Internal Server Error","timestamp":"2025-06-21T12:18:46.200Z"}
{"level":"error","message":"Internal Server Error","timestamp":"2025-06-21T12:18:55.295Z"}
{"level":"error","message":"Internal Server Error","timestamp":"2025-06-21T12:23:45.662Z"}
{"code":14,"errorLabelSet":{},"errorResponse":{"code":14,"errmsg":"Cannot apply $inc to a value of non-numeric type. {_id: ObjectId('6852e33eb71b86381f589f07')} has the field 'balance' of non-numeric type string","index":0},"index":0,"level":"error","message":"Internal Server Error Cannot apply $inc to a value of non-numeric type. {_id: ObjectId('6852e33eb71b86381f589f07')} has the field 'balance' of non-numeric type string","stack":"MongoServerError: Cannot apply $inc to a value of non-numeric type. {_id: ObjectId('6852e33eb71b86381f589f07')} has the field 'balance' of non-numeric type string\n    at UpdateOneOperation.execute (D:\\Client Master\\cms software\\server\\node_modules\\mongodb\\lib\\operations\\update.js:75:19)\n    at process.processTicksAndRejections (node:internal/process/task_queues:95:5)\n    at async tryOperation (D:\\Client Master\\cms software\\server\\node_modules\\mongodb\\lib\\operations\\execute_operation.js:207:20)\n    at async executeOperation (D:\\Client Master\\cms software\\server\\node_modules\\mongodb\\lib\\operations\\execute_operation.js:75:16)\n    at async Collection.updateOne (D:\\Client Master\\cms software\\server\\node_modules\\mongodb\\lib\\collection.js:207:16)\n    at async PayFees (file:///D:/Client%20Master/cms%20software/server/src/controllers/fee.js:189:5)","timestamp":"2025-06-21T12:32:05.947Z"}
{"code":14,"errorLabelSet":{},"errorResponse":{"code":14,"errmsg":"Cannot apply $inc to a value of non-numeric type. {_id: ObjectId('6852e33eb71b86381f589f07')} has the field 'balance' of non-numeric type string","index":0},"index":0,"level":"error","message":"Internal Server Error Cannot apply $inc to a value of non-numeric type. {_id: ObjectId('6852e33eb71b86381f589f07')} has the field 'balance' of non-numeric type string","stack":"MongoServerError: Cannot apply $inc to a value of non-numeric type. {_id: ObjectId('6852e33eb71b86381f589f07')} has the field 'balance' of non-numeric type string\n    at UpdateOneOperation.execute (D:\\Client Master\\cms software\\server\\node_modules\\mongodb\\lib\\operations\\update.js:75:19)\n    at process.processTicksAndRejections (node:internal/process/task_queues:95:5)\n    at async tryOperation (D:\\Client Master\\cms software\\server\\node_modules\\mongodb\\lib\\operations\\execute_operation.js:207:20)\n    at async executeOperation (D:\\Client Master\\cms software\\server\\node_modules\\mongodb\\lib\\operations\\execute_operation.js:75:16)\n    at async Collection.updateOne (D:\\Client Master\\cms software\\server\\node_modules\\mongodb\\lib\\collection.js:207:16)\n    at async PayFees (file:///D:/Client%20Master/cms%20software/server/src/controllers/fee.js:187:5)","timestamp":"2025-06-21T13:10:58.785Z"}
{"level":"error","message":"Invalid admin credentials for client: 100001","timestamp":"2025-06-22T02:13:51.137Z"}
{"level":"error","timestamp":"2025-06-22T04:55:38.113Z"}
{"level":"error","timestamp":"2025-06-22T04:55:49.143Z"}
{"level":"error","timestamp":"2025-06-22T04:56:36.739Z"}
{"level":"error","message":"Error in getDashboardNumbers: currentYear is not defined","stack":"ReferenceError: currentYear is not defined\n    at file:///D:/Client%20Master/cms%20software/server/src/controllers/dashboard.js:35:25\n    at Array.filter (<anonymous>)\n    at getDashboardNumbers (file:///D:/Client%20Master/cms%20software/server/src/controllers/dashboard.js:31:39)\n    at process.processTicksAndRejections (node:internal/process/task_queues:95:5)","timestamp":"2025-06-22T05:03:48.277Z"}
{"level":"error","message":"Error in getDashboardNumbers: currentYear is not defined","stack":"ReferenceError: currentYear is not defined\n    at file:///D:/Client%20Master/cms%20software/server/src/controllers/dashboard.js:35:25\n    at Array.filter (<anonymous>)\n    at getDashboardNumbers (file:///D:/Client%20Master/cms%20software/server/src/controllers/dashboard.js:31:39)\n    at process.processTicksAndRejections (node:internal/process/task_queues:95:5)","timestamp":"2025-06-22T05:03:48.298Z"}
{"level":"error","message":"Error in getDashboardNumbers: cutoffDate is not defined","stack":"ReferenceError: cutoffDate is not defined\n    at file:///D:/Client%20Master/cms%20software/server/src/controllers/dashboard.js:41:23\n    at Array.filter (<anonymous>)\n    at getDashboardNumbers (file:///D:/Client%20Master/cms%20software/server/src/controllers/dashboard.js:34:39)\n    at process.processTicksAndRejections (node:internal/process/task_queues:95:5)","timestamp":"2025-06-22T05:06:06.873Z"}
{"level":"error","message":"Error in getDashboardNumbers: cutoffDate is not defined","stack":"ReferenceError: cutoffDate is not defined\n    at file:///D:/Client%20Master/cms%20software/server/src/controllers/dashboard.js:41:23\n    at Array.filter (<anonymous>)\n    at getDashboardNumbers (file:///D:/Client%20Master/cms%20software/server/src/controllers/dashboard.js:34:39)\n    at process.processTicksAndRejections (node:internal/process/task_queues:95:5)","timestamp":"2025-06-22T05:06:06.893Z"}
{"level":"error","timestamp":"2025-06-22T05:24:16.605Z"}
{"level":"error","timestamp":"2025-06-22T05:24:16.620Z"}
{"level":"error","timestamp":"2025-06-22T05:24:16.625Z"}
{"level":"error","timestamp":"2025-06-22T05:24:16.634Z"}
{"level":"error","timestamp":"2025-06-22T05:24:20.454Z"}
{"level":"error","timestamp":"2025-06-22T05:24:20.458Z"}
{"level":"error","timestamp":"2025-06-22T05:24:21.945Z"}
{"level":"error","timestamp":"2025-06-22T05:24:21.949Z"}
{"level":"error","message":"Internal Server Error Cannot destructure property 'payload' of 'req.body.payload' as it is undefined.","stack":"TypeError: Cannot destructure property 'payload' of 'req.body.payload' as it is undefined.\n    at PayFees (file:///D:/Client%20Master/cms%20software/server/src/controllers/fee.js:151:13)\n    at Layer.handleRequest (D:\\Client Master\\cms software\\server\\node_modules\\router\\lib\\layer.js:152:17)\n    at next (D:\\Client Master\\cms software\\server\\node_modules\\router\\lib\\route.js:157:13)\n    at Route.dispatch (D:\\Client Master\\cms software\\server\\node_modules\\router\\lib\\route.js:117:3)\n    at handle (D:\\Client Master\\cms software\\server\\node_modules\\router\\index.js:435:11)\n    at Layer.handleRequest (D:\\Client Master\\cms software\\server\\node_modules\\router\\lib\\layer.js:152:17)\n    at D:\\Client Master\\cms software\\server\\node_modules\\router\\index.js:295:15\n    at processParams (D:\\Client Master\\cms software\\server\\node_modules\\router\\index.js:582:12)\n    at next (D:\\Client Master\\cms software\\server\\node_modules\\router\\index.js:291:5)\n    at Function.handle (D:\\Client Master\\cms software\\server\\node_modules\\router\\index.js:186:3)","timestamp":"2025-06-22T08:20:05.939Z"}
{"level":"error","message":"Required fields are missing","timestamp":"2025-06-22T09:09:39.158Z"}
{"level":"error","message":"Error in addOrUpdateAdmin: Cannot destructure property 'name' of 'req.body.payload' as it is undefined.","timestamp":"2025-06-23T06:51:35.091Z"}
{"level":"error","message":"Database Name is Missing","timestamp":"2025-06-23T12:31:52.100Z"}
{"level":"error","message":"Database Name is Missing","timestamp":"2025-06-23T12:31:52.105Z"}
{"level":"error","message":"Error Adding/Updating Student: Cannot access 'newFeeId' before initialization","stack":"ReferenceError: Cannot access 'newFeeId' before initialization\n    at AddUpdateStudent (file:///D:/Client%20Master/cms%20software/server/src/controllers/student.js:167:15)\n    at process.processTicksAndRejections (node:internal/process/task_queues:95:5)","timestamp":"2025-06-23T15:06:14.648Z"}
{"level":"error","message":"Error Adding/Updating Student: Cannot access 'newFeeId' before initialization","stack":"ReferenceError: Cannot access 'newFeeId' before initialization\n    at AddUpdateStudent (file:///D:/Client%20Master/cms%20software/server/src/controllers/student.js:167:15)\n    at process.processTicksAndRejections (node:internal/process/task_queues:95:5)","timestamp":"2025-06-23T15:06:50.239Z"}
{"level":"error","message":"Error Adding/Updating Student: clientdb is not defined","stack":"ReferenceError: clientdb is not defined\n    at AddUpdateStudent (file:///D:/Client%20Master/cms%20software/server/src/controllers/student.js:161:21)\n    at process.processTicksAndRejections (node:internal/process/task_queues:95:5)","timestamp":"2025-06-23T15:07:57.527Z"}
{"level":"error","message":"Error Adding/Updating Student: clientdb is not defined","stack":"ReferenceError: clientdb is not defined\n    at AddUpdateStudent (file:///D:/Client%20Master/cms%20software/server/src/controllers/student.js:161:21)\n    at process.processTicksAndRejections (node:internal/process/task_queues:95:5)","timestamp":"2025-06-23T15:08:17.183Z"}
{"level":"error","message":"Internal Server Error classesdb is not defined","stack":"ReferenceError: classesdb is not defined\n    at PayFees (file:///D:/Client%20Master/cms%20software/server/src/controllers/fee.js:207:25)\n    at process.processTicksAndRejections (node:internal/process/task_queues:95:5)","timestamp":"2025-06-24T06:50:55.421Z"}
{"level":"error","message":"Internal Server Error classesdb is not defined","stack":"ReferenceError: classesdb is not defined\n    at PayFees (file:///D:/Client%20Master/cms%20software/server/src/controllers/fee.js:207:25)\n    at process.processTicksAndRejections (node:internal/process/task_queues:95:5)","timestamp":"2025-06-24T06:55:05.642Z"}
{"level":"error","message":"Internal Server Error classesdb is not defined","stack":"ReferenceError: classesdb is not defined\n    at PayFees (file:///D:/Client%20Master/cms%20software/server/src/controllers/fee.js:236:27)\n    at process.processTicksAndRejections (node:internal/process/task_queues:95:5)","timestamp":"2025-06-24T06:56:24.363Z"}
{"level":"error","message":"Invalid admin credentials for client: 100001","timestamp":"2025-06-28T16:52:28.085Z"}
{"level":"error","message":"Invalid admin credentials for client: 100001","timestamp":"2025-06-30T05:52:29.609Z"}
{"level":"error","message":"Invalid admin credentials for client: 100001","timestamp":"2025-06-30T05:52:31.331Z"}
{"level":"error","message":"Error Adding/Updating Student: remark is not defined","stack":"ReferenceError: remark is not defined\n    at AddUpdateStudent (file:///D:/Client%20Master/cms%20software/server/src/controllers/student.js:183:15)\n    at process.processTicksAndRejections (node:internal/process/task_queues:95:5)","timestamp":"2025-06-30T07:35:33.650Z"}
{"level":"error","message":"Error Adding/Updating Student: installmentno is not defined","stack":"ReferenceError: installmentno is not defined\n    at file:///D:/Client%20Master/cms%20software/server/src/controllers/student.js:32:34\n    at Array.map (<anonymous>)\n    at AddUpdateStudent (file:///D:/Client%20Master/cms%20software/server/src/controllers/student.js:31:45)\n    at Layer.handleRequest (D:\\Client Master\\cms software\\server\\node_modules\\router\\lib\\layer.js:152:17)\n    at next (D:\\Client Master\\cms software\\server\\node_modules\\router\\lib\\route.js:157:13)\n    at done (D:\\Client Master\\cms software\\server\\node_modules\\multer\\lib\\make-middleware.js:59:7)\n    at indicateDone (D:\\Client Master\\cms software\\server\\node_modules\\multer\\lib\\make-middleware.js:63:68)\n    at Multipart.<anonymous> (D:\\Client Master\\cms software\\server\\node_modules\\multer\\lib\\make-middleware.js:182:7)\n    at Multipart.emit (node:events:518:28)\n    at emitCloseNT (node:internal/streams/destroy:147:10)","timestamp":"2025-07-01T07:34:01.483Z"}
{"level":"error","message":"Invalid admin credentials for client: 100001","timestamp":"2025-07-01T11:35:55.355Z"}
{"level":"error","message":"Invalid admin credentials for client: 100001","timestamp":"2025-07-01T11:35:56.333Z"}
{"code":"ECONNRESET","errno":-4077,"level":"error","syscall":"read","timestamp":"2025-07-01T12:00:12.627Z"}
{"errorLabelSet":{},"level":"error","reason":{"commonWireVersion":0,"compatible":true,"heartbeatFrequencyMS":10000,"localThresholdMS":15,"logicalSessionTimeoutMinutes":null,"maxElectionId":null,"maxSetVersion":null,"servers":{"93.127.167.233:27017":{"$clusterTime":null,"address":"93.127.167.233:27017","arbiters":[],"electionId":null,"error":{"beforeHandshake":false,"errorLabelSet":{}},"hosts":[],"iscryptd":false,"lastUpdateTime":171487743,"lastWriteDate":0,"logicalSessionTimeoutMinutes":null,"maxBsonObjectSize":null,"maxMessageSizeBytes":null,"maxWireVersion":0,"maxWriteBatchSize":null,"me":null,"minRoundTripTime":0,"minWireVersion":0,"passives":[],"primary":null,"roundTripTime":-1,"setName":null,"setVersion":null,"tags":{},"topologyVersion":null,"type":"Unknown"}},"setName":null,"stale":false,"type":"Single"},"timestamp":"2025-07-01T14:06:28.833Z"}
{"errorLabelSet":{},"level":"error","reason":{"commonWireVersion":0,"compatible":true,"heartbeatFrequencyMS":10000,"localThresholdMS":15,"logicalSessionTimeoutMinutes":null,"maxElectionId":null,"maxSetVersion":null,"servers":{"93.127.167.233:27017":{"$clusterTime":null,"address":"93.127.167.233:27017","arbiters":[],"electionId":null,"error":{"beforeHandshake":false,"errorLabelSet":{}},"hosts":[],"iscryptd":false,"lastUpdateTime":171489789,"lastWriteDate":0,"logicalSessionTimeoutMinutes":null,"maxBsonObjectSize":null,"maxMessageSizeBytes":null,"maxWireVersion":0,"maxWriteBatchSize":null,"me":null,"minRoundTripTime":0,"minWireVersion":0,"passives":[],"primary":null,"roundTripTime":-1,"setName":null,"setVersion":null,"tags":{},"topologyVersion":null,"type":"Unknown"}},"setName":null,"stale":false,"type":"Single"},"timestamp":"2025-07-01T14:06:30.658Z"}
{"errorLabelSet":{},"level":"error","reason":{"commonWireVersion":0,"compatible":true,"heartbeatFrequencyMS":10000,"localThresholdMS":15,"logicalSessionTimeoutMinutes":null,"maxElectionId":null,"maxSetVersion":null,"servers":{"93.127.167.233:27017":{"$clusterTime":null,"address":"93.127.167.233:27017","arbiters":[],"electionId":null,"error":{"beforeHandshake":false,"errorLabelSet":{}},"hosts":[],"iscryptd":false,"lastUpdateTime":171489789,"lastWriteDate":0,"logicalSessionTimeoutMinutes":null,"maxBsonObjectSize":null,"maxMessageSizeBytes":null,"maxWireVersion":0,"maxWriteBatchSize":null,"me":null,"minRoundTripTime":0,"minWireVersion":0,"passives":[],"primary":null,"roundTripTime":-1,"setName":null,"setVersion":null,"tags":{},"topologyVersion":null,"type":"Unknown"}},"setName":null,"stale":false,"type":"Single"},"timestamp":"2025-07-01T14:06:30.661Z"}
{"errorLabelSet":{},"level":"error","reason":{"commonWireVersion":0,"compatible":true,"heartbeatFrequencyMS":10000,"localThresholdMS":15,"logicalSessionTimeoutMinutes":null,"maxElectionId":null,"maxSetVersion":null,"servers":{"93.127.167.233:27017":{"$clusterTime":null,"address":"93.127.167.233:27017","arbiters":[],"electionId":null,"error":{"beforeHandshake":false,"errorLabelSet":{}},"hosts":[],"iscryptd":false,"lastUpdateTime":171507690,"lastWriteDate":0,"logicalSessionTimeoutMinutes":null,"maxBsonObjectSize":null,"maxMessageSizeBytes":null,"maxWireVersion":0,"maxWriteBatchSize":null,"me":null,"minRoundTripTime":0,"minWireVersion":0,"passives":[],"primary":null,"roundTripTime":-1,"setName":null,"setVersion":null,"tags":{},"topologyVersion":null,"type":"Unknown"}},"setName":null,"stale":false,"type":"Single"},"timestamp":"2025-07-01T14:06:48.837Z"}
{"cause":{"beforeHandshake":false,"errorLabelSet":{}},"errorLabelSet":{},"level":"error","message":"Error in getDashboardNumbers: connect EHOSTUNREACH 93.127.167.233:27017","reason":{"commonWireVersion":0,"compatible":true,"heartbeatFrequencyMS":10000,"localThresholdMS":15,"logicalSessionTimeoutMinutes":null,"maxElectionId":null,"maxSetVersion":null,"servers":{"93.127.167.233:27017":{"$clusterTime":null,"address":"93.127.167.233:27017","arbiters":[],"electionId":null,"error":{"beforeHandshake":false,"errorLabelSet":{}},"hosts":[],"iscryptd":false,"lastUpdateTime":171513309,"lastWriteDate":0,"logicalSessionTimeoutMinutes":null,"maxBsonObjectSize":null,"maxMessageSizeBytes":null,"maxWireVersion":0,"maxWriteBatchSize":null,"me":null,"minRoundTripTime":0,"minWireVersion":0,"passives":[],"primary":null,"roundTripTime":-1,"setName":null,"setVersion":null,"tags":{},"topologyVersion":null,"type":"Unknown"}},"setName":null,"stale":false,"type":"Single"},"stack":"MongoServerSelectionError: connect EHOSTUNREACH 93.127.167.233:27017\n    at Topology.selectServer (D:\\Client Master\\cms software\\server\\node_modules\\mongodb\\lib\\sdam\\topology.js:321:38)\n    at async tryOperation (D:\\Client Master\\cms software\\server\\node_modules\\mongodb\\lib\\operations\\execute_operation.js:145:18)\n    at async executeOperation (D:\\Client Master\\cms software\\server\\node_modules\\mongodb\\lib\\operations\\execute_operation.js:75:16)\n    at async FindCursor._initialize (D:\\Client Master\\cms software\\server\\node_modules\\mongodb\\lib\\cursor\\find_cursor.js:61:26)\n    at async FindCursor.cursorInit (D:\\Client Master\\cms software\\server\\node_modules\\mongodb\\lib\\cursor\\abstract_cursor.js:633:27)\n    at async FindCursor.fetchBatch (D:\\Client Master\\cms software\\server\\node_modules\\mongodb\\lib\\cursor\\abstract_cursor.js:667:13)\n    at async FindCursor.next (D:\\Client Master\\cms software\\server\\node_modules\\mongodb\\lib\\cursor\\abstract_cursor.js:347:17)\n    at async [Symbol.asyncIterator] (D:\\Client Master\\cms software\\server\\node_modules\\mongodb\\lib\\cursor\\abstract_cursor.js:255:34)\n    at async FindCursor.toArray (D:\\Client Master\\cms software\\server\\node_modules\\mongodb\\lib\\cursor\\abstract_cursor.js:427:26)\n    at async getDashboardNumbers (file:///D:/Client%20Master/cms%20software/server/src/controllers/dashboard.js:30:22)","timestamp":"2025-07-01T14:06:54.149Z"}
{"cause":{"beforeHandshake":false,"errorLabelSet":{}},"errorLabelSet":{},"level":"error","message":"Error in getDashboardNumbers: connect EHOSTUNREACH 93.127.167.233:27017","reason":{"commonWireVersion":0,"compatible":true,"heartbeatFrequencyMS":10000,"localThresholdMS":15,"logicalSessionTimeoutMinutes":null,"maxElectionId":null,"maxSetVersion":null,"servers":{"93.127.167.233:27017":{"$clusterTime":null,"address":"93.127.167.233:27017","arbiters":[],"electionId":null,"error":{"beforeHandshake":false,"errorLabelSet":{}},"hosts":[],"iscryptd":false,"lastUpdateTime":171533266,"lastWriteDate":0,"logicalSessionTimeoutMinutes":null,"maxBsonObjectSize":null,"maxMessageSizeBytes":null,"maxWireVersion":0,"maxWriteBatchSize":null,"me":null,"minRoundTripTime":0,"minWireVersion":0,"passives":[],"primary":null,"roundTripTime":-1,"setName":null,"setVersion":null,"tags":{},"topologyVersion":null,"type":"Unknown"}},"setName":null,"stale":false,"type":"Single"},"stack":"MongoServerSelectionError: connect EHOSTUNREACH 93.127.167.233:27017\n    at Topology.selectServer (D:\\Client Master\\cms software\\server\\node_modules\\mongodb\\lib\\sdam\\topology.js:321:38)\n    at async tryOperation (D:\\Client Master\\cms software\\server\\node_modules\\mongodb\\lib\\operations\\execute_operation.js:145:18)\n    at async executeOperation (D:\\Client Master\\cms software\\server\\node_modules\\mongodb\\lib\\operations\\execute_operation.js:75:16)\n    at async FindCursor._initialize (D:\\Client Master\\cms software\\server\\node_modules\\mongodb\\lib\\cursor\\find_cursor.js:61:26)\n    at async FindCursor.cursorInit (D:\\Client Master\\cms software\\server\\node_modules\\mongodb\\lib\\cursor\\abstract_cursor.js:633:27)\n    at async FindCursor.fetchBatch (D:\\Client Master\\cms software\\server\\node_modules\\mongodb\\lib\\cursor\\abstract_cursor.js:667:13)\n    at async FindCursor.next (D:\\Client Master\\cms software\\server\\node_modules\\mongodb\\lib\\cursor\\abstract_cursor.js:347:17)\n    at async [Symbol.asyncIterator] (D:\\Client Master\\cms software\\server\\node_modules\\mongodb\\lib\\cursor\\abstract_cursor.js:255:34)\n    at async FindCursor.toArray (D:\\Client Master\\cms software\\server\\node_modules\\mongodb\\lib\\cursor\\abstract_cursor.js:427:26)\n    at async getDashboardNumbers (file:///D:/Client%20Master/cms%20software/server/src/controllers/dashboard.js:30:22)","timestamp":"2025-07-01T14:07:14.165Z"}
{"errorLabelSet":{},"level":"error","reason":{"commonWireVersion":0,"compatible":true,"heartbeatFrequencyMS":10000,"localThresholdMS":15,"logicalSessionTimeoutMinutes":null,"maxElectionId":null,"maxSetVersion":null,"servers":{"93.127.167.233:27017":{"$clusterTime":null,"address":"93.127.167.233:27017","arbiters":[],"electionId":null,"error":{"beforeHandshake":false,"errorLabelSet":{}},"hosts":[],"iscryptd":false,"lastUpdateTime":171600867,"lastWriteDate":0,"logicalSessionTimeoutMinutes":null,"maxBsonObjectSize":null,"maxMessageSizeBytes":null,"maxWireVersion":0,"maxWriteBatchSize":null,"me":null,"minRoundTripTime":0,"minWireVersion":0,"passives":[],"primary":null,"roundTripTime":-1,"setName":null,"setVersion":null,"tags":{},"topologyVersion":null,"type":"Unknown"}},"setName":null,"stale":false,"type":"Single"},"timestamp":"2025-07-01T14:08:21.937Z"}
{"errorLabelSet":{},"level":"error","reason":{"commonWireVersion":0,"compatible":true,"heartbeatFrequencyMS":10000,"localThresholdMS":15,"logicalSessionTimeoutMinutes":null,"maxElectionId":null,"maxSetVersion":null,"servers":{"93.127.167.233:27017":{"$clusterTime":null,"address":"93.127.167.233:27017","arbiters":[],"electionId":null,"error":{"beforeHandshake":false,"errorLabelSet":{}},"hosts":[],"iscryptd":false,"lastUpdateTime":171600867,"lastWriteDate":0,"logicalSessionTimeoutMinutes":null,"maxBsonObjectSize":null,"maxMessageSizeBytes":null,"maxWireVersion":0,"maxWriteBatchSize":null,"me":null,"minRoundTripTime":0,"minWireVersion":0,"passives":[],"primary":null,"roundTripTime":-1,"setName":null,"setVersion":null,"tags":{},"topologyVersion":null,"type":"Unknown"}},"setName":null,"stale":false,"type":"Single"},"timestamp":"2025-07-01T14:08:21.941Z"}
{"errorLabelSet":{},"level":"error","reason":{"commonWireVersion":0,"compatible":true,"heartbeatFrequencyMS":10000,"localThresholdMS":15,"logicalSessionTimeoutMinutes":null,"maxElectionId":null,"maxSetVersion":null,"servers":{"93.127.167.233:27017":{"$clusterTime":null,"address":"93.127.167.233:27017","arbiters":[],"electionId":null,"error":{"beforeHandshake":false,"errorLabelSet":{}},"hosts":[],"iscryptd":false,"lastUpdateTime":171620810,"lastWriteDate":0,"logicalSessionTimeoutMinutes":null,"maxBsonObjectSize":null,"maxMessageSizeBytes":null,"maxWireVersion":0,"maxWriteBatchSize":null,"me":null,"minRoundTripTime":0,"minWireVersion":0,"passives":[],"primary":null,"roundTripTime":-1,"setName":null,"setVersion":null,"tags":{},"topologyVersion":null,"type":"Unknown"}},"setName":null,"stale":false,"type":"Single"},"timestamp":"2025-07-01T14:08:41.958Z"}
{"errorLabelSet":{},"level":"error","reason":{"commonWireVersion":0,"compatible":true,"heartbeatFrequencyMS":10000,"localThresholdMS":15,"logicalSessionTimeoutMinutes":null,"maxElectionId":null,"maxSetVersion":null,"servers":{"93.127.167.233:27017":{"$clusterTime":null,"address":"93.127.167.233:27017","arbiters":[],"electionId":null,"error":{"beforeHandshake":false,"errorLabelSet":{}},"hosts":[],"iscryptd":false,"lastUpdateTime":171620810,"lastWriteDate":0,"logicalSessionTimeoutMinutes":null,"maxBsonObjectSize":null,"maxMessageSizeBytes":null,"maxWireVersion":0,"maxWriteBatchSize":null,"me":null,"minRoundTripTime":0,"minWireVersion":0,"passives":[],"primary":null,"roundTripTime":-1,"setName":null,"setVersion":null,"tags":{},"topologyVersion":null,"type":"Unknown"}},"setName":null,"stale":false,"type":"Single"},"timestamp":"2025-07-01T14:08:41.962Z"}
{"level":"error","message":"Invalid admin credentials for client: 100001","timestamp":"2025-07-03T05:00:58.577Z"}
{"level":"error","message":"Admin not found: brightmindclass@gmail.com","timestamp":"2025-07-03T06:21:00.493Z"}
{"level":"error","message":"Admin not found: brightmindclass@gmail.com","timestamp":"2025-07-03T06:22:45.374Z"}
{"level":"error","message":"Admin not found: brightmindclass@gmail.com","timestamp":"2025-07-03T06:23:30.097Z"}
{"level":"error","message":"Admin not found: brightmindclass@gmail.com","timestamp":"2025-07-03T06:24:21.253Z"}
{"level":"error","message":"Admin not found: brightmindclass@gmail.com","timestamp":"2025-07-03T06:27:10.181Z"}
{"level":"error","message":"Admin not found: brightmindclass@gmail.com","timestamp":"2025-07-03T06:27:57.220Z"}
{"level":"error","message":"Admin not found: brightmindclass@gmail.com","timestamp":"2025-07-03T06:28:33.015Z"}
{"level":"error","message":"Admin not found: brightmindclass@gmail.com","timestamp":"2025-07-03T06:29:24.446Z"}
{"level":"error","message":"Admin not found: brightmindclass@gmail.com","timestamp":"2025-07-03T06:30:24.310Z"}
{"level":"error","message":"Admin not found: brightmindclass@gmail.com","timestamp":"2025-07-03T06:30:44.193Z"}
{"level":"error","message":"Admin not found: brightmindclass@gmail.com","timestamp":"2025-07-03T06:30:54.836Z"}
{"level":"error","message":"Error in SendForgotPasswordOtp: clientDb.listCollections(...).toArray is not a function","timestamp":"2025-07-03T06:33:29.821Z"}
{"level":"error","message":"Admin not found: brightmindclass@gmail.com","timestamp":"2025-07-03T06:34:20.895Z"}
{"level":"error","message":"Admin not found: brightmindclass@gmail.com","timestamp":"2025-07-03T06:34:39.143Z"}
{"level":"error","message":"Admin not found: brightmindclass@gmail.com","timestamp":"2025-07-03T06:34:41.972Z"}
{"level":"error","message":"Error in SendForgotPasswordOtp: clientDb.listCollections(...).toArray is not a function","timestamp":"2025-07-03T06:34:51.085Z"}
{"level":"info","message":"OTP sent successfully to brightmindsclass@gmail.com","timestamp":"2025-07-03T06:36:45.049Z"}
{"level":"error","message":"Admin not found: brightmindsclass@gmail.com","timestamp":"2025-07-03T06:38:35.317Z"}
{"level":"info","message":"OTP sent successfully to zaidrahman342@gmail.com","timestamp":"2025-07-03T06:38:51.037Z"}
{"level":"info","message":"OTP sent successfully to zaidrahman342@gmail.com","timestamp":"2025-07-03T07:03:45.525Z"}
{"level":"info","message":"Password reset successful for admin: zaidrahman342@gmail.com","timestamp":"2025-07-03T07:04:11.590Z"}
{"level":"info","message":"OTP sent successfully to mindsb256@gmail.com","timestamp":"2025-07-03T07:06:30.558Z"}
{"level":"info","message":"OTP sent successfully to meharrahman342@gmail.com","timestamp":"2025-07-03T07:08:12.660Z"}
{"level":"info","message":"Password reset successful for admin: meharrahman342@gmail.com","timestamp":"2025-07-03T07:08:51.357Z"}
{"level":"error","message":"Database Name is Missing","timestamp":"2025-07-03T07:30:36.759Z"}
{"level":"error","message":"Database Name is Missing","timestamp":"2025-07-03T07:41:56.261Z"}
{"level":"info","message":"OTP sent successfully to zaidrahman342@gmail.com","timestamp":"2025-07-03T08:04:35.150Z"}
{"level":"info","message":"OTP sent successfully to zaidrahman342@gmail.com","timestamp":"2025-07-03T08:07:30.371Z"}
{"level":"info","message":"OTP sent successfully to zaidrahman342@gmail.com","timestamp":"2025-07-03T08:11:24.484Z"}
{"level":"info","message":"Password reset successful for admin: zaidrahman342@gmail.com","timestamp":"2025-07-03T08:11:49.207Z"}
{"level":"error","message":"Invalid admin credentials for client: 100001","timestamp":"2025-07-05T07:37:01.886Z"}
{"level":"error","message":"Invalid admin credentials for client: 100001","timestamp":"2025-07-05T07:38:22.108Z"}
{"level":"error","message":"Invalid admin credentials for client: 100002","timestamp":"2025-07-05T07:42:46.890Z"}
{"level":"error","message":"Invalid admin credentials for client: 100002","timestamp":"2025-07-05T07:43:29.779Z"}
{"level":"error","message":"Invalid admin credentials for client: 100002","timestamp":"2025-07-05T07:46:04.004Z"}
{"level":"error","message":"Error Adding/Updating Student: Cannot read properties of undefined (reading 'replace')","stack":"TypeError: Cannot read properties of undefined (reading 'replace')\n    at generateReceipt (file:///D:/Client%20Master/ims%20software/server/src/util/receiptgenerator.js:120:8)\n    at async AddUpdateStudent (file:///D:/Client%20Master/ims%20software/server/src/controllers/student.js:212:24)","timestamp":"2025-07-05T08:18:01.969Z"}
{"level":"error","message":"Error Adding/Updating Student: Cannot read properties of undefined (reading 'replace')","stack":"TypeError: Cannot read properties of undefined (reading 'replace')\n    at generateReceipt (file:///D:/Client%20Master/ims%20software/server/src/util/receiptgenerator.js:123:8)\n    at async AddUpdateStudent (file:///D:/Client%20Master/ims%20software/server/src/controllers/student.js:212:24)","timestamp":"2025-07-05T08:21:26.793Z"}
{"level":"error","timestamp":"2025-07-05T08:58:15.828Z"}
{"level":"error","timestamp":"2025-07-05T08:58:15.867Z"}
{"level":"error","message":"Invalid admin credentials for client: 100004","timestamp":"2025-07-05T13:59:52.222Z"}
{"level":"error","message":"Invalid admin credentials for client: 100004","timestamp":"2025-07-05T14:01:49.294Z"}
{"level":"error","message":"Invalid admin credentials for client: 100004","timestamp":"2025-07-05T14:02:08.787Z"}
{"level":"error","message":"Invalid admin credentials for client: 100004","timestamp":"2025-07-05T14:02:23.170Z"}
{"level":"error","message":"Invalid admin credentials for client: 100001","timestamp":"2025-07-06T06:01:09.606Z"}
{"level":"error","message":"Invalid admin credentials for client: 100001","timestamp":"2025-07-06T06:09:47.129Z"}
{"level":"error","message":"Invalid admin credentials for client: 100001","timestamp":"2025-07-07T05:43:11.593Z"}
{"level":"error","message":"Invalid admin credentials for client: 100001","timestamp":"2025-07-07T05:43:37.110Z"}
{"level":"error","message":"Invalid admin credentials for client: 100001","timestamp":"2025-07-07T06:03:16.100Z"}
{"level":"error","message":"Invalid admin credentials for client: 100001","timestamp":"2025-07-07T06:04:21.903Z"}
{"level":"error","message":"Admin not found: zaidrahman342@gmail.com","timestamp":"2025-07-07T06:04:47.606Z"}
{"level":"error","message":"Admin not found: zaidrahman342@gmail.com","timestamp":"2025-07-07T06:06:10.351Z"}
{"level":"error","message":"Admin not found: zaidrahman342@gmail.com","timestamp":"2025-07-07T06:07:35.327Z"}
{"level":"info","message":"OTP sent successfully to zaidrahman342@gmail.com","timestamp":"2025-07-07T06:07:51.574Z"}
{"level":"error","message":"Client not found: 10002","timestamp":"2025-08-12T06:14:24.218Z"}
{"level":"info","message":"descriptionsRows","timestamp":"2025-08-12T07:12:39.544Z"}
{"level":"info","message":"descriptionsRows","timestamp":"2025-08-12T07:21:33.186Z"}
{"level":"error","message":"Invalid admin credentials for client: 100001","timestamp":"2025-08-12T08:46:04.670Z"}
